[0.023s] Invoking command in '/home/sora/bumperbot_ws/build/bumperbot_description': /usr/bin/cmake --build /home/sora/bumperbot_ws/build/bumperbot_description -- -j1 -l1
[0.190s] -- Found ament_cmake: 1.3.10 (/opt/ros/humble/share/ament_cmake/cmake)
[0.571s] Traceback (most recent call last):
[0.571s]   File "/opt/ros/humble/share/ament_cmake_core/cmake/package_templates/templates_2_cmake.py", line 21, in <module>
[0.573s]     from ament_package.templates import get_environment_hook_template_path
[0.573s] ModuleNotFoundError: No module named 'ament_package'
[0.574s] [31mCMake Error at /opt/ros/humble/share/ament_cmake_core/cmake/ament_cmake_package_templates-extras.cmake:41 (message):
[0.574s]   execute_process(/usr/bin/python3
[0.574s]   /opt/ros/humble/share/ament_cmake_core/cmake/package_templates/templates_2_cmake.py
[0.574s]   /home/sora/bumperbot_ws/build/bumperbot_description/ament_cmake_package_templates/templates.cmake)
[0.574s]   returned error code 1
[0.574s] Call Stack (most recent call first):
[0.574s]   /opt/ros/humble/share/ament_cmake_core/cmake/ament_cmake_coreConfig.cmake:41 (include)
[0.574s]   /opt/ros/humble/share/ament_cmake/cmake/ament_cmake_export_dependencies-extras.cmake:15 (find_package)
[0.574s]   /opt/ros/humble/share/ament_cmake/cmake/ament_cmakeConfig.cmake:41 (include)
[0.574s]   CMakeLists.txt:8 (find_package)
[0.574s] 
[0.575s] [0m
[0.579s] -- Configuring incomplete, errors occurred!
[0.579s] See also "/home/sora/bumperbot_ws/build/bumperbot_description/CMakeFiles/CMakeOutput.log".
[0.581s] gmake: *** [Makefile:226: cmake_check_build_system] Error 1
[0.592s] Invoked command in '/home/sora/bumperbot_ws/build/bumperbot_description' returned '2': /usr/bin/cmake --build /home/sora/bumperbot_ws/build/bumperbot_description -- -j1 -l1
