[0.013s] Invoking command in '/home/sora/bumperbot_ws/build/bumperbot_description': /usr/bin/cmake --build /home/sora/bumperbot_ws/build/bumperbot_description -- -j1 -l1
[0.072s] -- Found ament_cmake: 1.3.10 (/opt/ros/humble/share/ament_cmake/cmake)
[0.337s] Traceback (most recent call last):
[0.340s]   File "/opt/ros/humble/share/ament_cmake_core/cmake/package_templates/templates_2_cmake.py", line 21, in <module>
[0.340s]     from ament_package.templates import get_environment_hook_template_path
[0.358s] ModuleNotFoundError: No module named 'ament_package'
[0.369s] [31mCMake Error at /opt/ros/humble/share/ament_cmake_core/cmake/ament_cmake_package_templates-extras.cmake:41 (message):
[0.369s]   execute_process(/usr/bin/python3
[0.370s]   /opt/ros/humble/share/ament_cmake_core/cmake/package_templates/templates_2_cmake.py
[0.370s]   /home/sora/bumperbot_ws/build/bumperbot_description/ament_cmake_package_templates/templates.cmake)
[0.370s]   returned error code 1
[0.371s] Call Stack (most recent call first):
[0.371s]   /opt/ros/humble/share/ament_cmake_core/cmake/ament_cmake_coreConfig.cmake:41 (include)
[0.371s]   /opt/ros/humble/share/ament_cmake/cmake/ament_cmake_export_dependencies-extras.cmake:15 (find_package)
[0.372s]   /opt/ros/humble/share/ament_cmake/cmake/ament_cmakeConfig.cmake:41 (include)
[0.372s]   CMakeLists.txt:8 (find_package)
[0.373s] 
[0.373s] [0m
[0.374s] -- Configuring incomplete, errors occurred!
[0.374s] See also "/home/sora/bumperbot_ws/build/bumperbot_description/CMakeFiles/CMakeOutput.log".
[0.379s] gmake: *** [Makefile:226: cmake_check_build_system] Error 1
[0.382s] Invoked command in '/home/sora/bumperbot_ws/build/bumperbot_description' returned '2': /usr/bin/cmake --build /home/sora/bumperbot_ws/build/bumperbot_description -- -j1 -l1
