[0.048s] Invoking command in '/home/sora/bumperbot_ws/build/bumperbot_description': /usr/bin/cmake --build /home/sora/bumperbot_ws/build/bumperbot_description -- -j1 -l1
[0.262s] -- Found ament_cmake: 1.3.10 (/opt/ros/humble/share/ament_cmake/cmake)
[0.615s] Traceback (most recent call last):
[0.615s]   File "/opt/ros/humble/share/ament_cmake_core/cmake/package_templates/templates_2_cmake.py", line 21, in <module>
[0.642s]     from ament_package.templates import get_environment_hook_template_path
[0.642s] ModuleNotFoundError: No module named 'ament_package'
[0.643s] [31mCMake Error at /opt/ros/humble/share/ament_cmake_core/cmake/ament_cmake_package_templates-extras.cmake:41 (message):
[0.643s]   execute_process(/usr/bin/python3
[0.644s]   /opt/ros/humble/share/ament_cmake_core/cmake/package_templates/templates_2_cmake.py
[0.644s]   /home/sora/bumperbot_ws/build/bumperbot_description/ament_cmake_package_templates/templates.cmake)
[0.645s]   returned error code 1
[0.645s] Call Stack (most recent call first):
[0.645s]   /opt/ros/humble/share/ament_cmake_core/cmake/ament_cmake_coreConfig.cmake:41 (include)
[0.645s]   /opt/ros/humble/share/ament_cmake/cmake/ament_cmake_export_dependencies-extras.cmake:15 (find_package)
[0.645s]   /opt/ros/humble/share/ament_cmake/cmake/ament_cmakeConfig.cmake:41 (include)
[0.645s]   CMakeLists.txt:8 (find_package)
[0.654s] 
[0.654s] [0m
[0.657s] -- Configuring incomplete, errors occurred!
[0.657s] See also "/home/sora/bumperbot_ws/build/bumperbot_description/CMakeFiles/CMakeOutput.log".
[0.661s] gmake: *** [Makefile:226: cmake_check_build_system] Error 1
[0.664s] Invoked command in '/home/sora/bumperbot_ws/build/bumperbot_description' returned '2': /usr/bin/cmake --build /home/sora/bumperbot_ws/build/bumperbot_description -- -j1 -l1
